# JRE version: OpenJDK Runtime Environment Temurin-21.0.7+6 (21.0.7+6) (build 21.0.7+6-LTS)
# Java VM: OpenJDK 64-Bit Server VM Temurin-21.0.7+6 (21.0.7+6-LTS, mixed mode, sharing, tiered, compressed oops, compressed class ptrs, parallel gc, windows-amd64)
GC Precious Log:
 CardTable entry size: 512
 CPUs: 16 total, 16 available
 Memory: 7860M
 Large Page Support: Disabled
 NUMA Support: Disabled
 Compressed Oops: Enabled (32-bit)
 Alignments: Space 512K, Generation 512K, Heap 2M
 Heap Min Capacity: 100M
 Heap Initial Capacity: 100M
 Heap Max Capacity: 2G
 Pre-touch: Disabled
 Parallel Workers: 13
Heap:
 PSYoungGen      total 12800K, used 9713K [0x00000000d5580000, 0x00000000d6480000, 0x0000000100000000)
  eden space 10240K, 74% used [0x00000000d5580000,0x00000000d5cf0d08,0x00000000d5f80000)
  from space 2560K, 81% used [0x00000000d6200000,0x00000000d640bac8,0x00000000d6480000)
  to   space 2560K, 0% used [0x00000000d5f80000,0x00000000d5f80000,0x00000000d6200000)
 ParOldGen       total 95232K, used 94906K [0x0000000080000000, 0x0000000085d00000, 0x00000000d5580000)
  object space 95232K, 99% used [0x0000000080000000,0x0000000085cae808,0x0000000085d00000)
 Metaspace       used 54270K, committed 55488K, reserved 1114112K
  class space    used 5644K, committed 6144K, reserved 1048576K
GC Heap History (20 events):
Event: 9.246 GC heap before
{Heap before GC invocations=48 (full 2):
 PSYoungGen      total 13312K, used 12855K [0x00000000d5580000, 0x00000000d6480000, 0x0000000100000000)
  eden space 11264K, 100% used [0x00000000d5580000,0x00000000d6080000,0x00000000d6080000)
  from space 2048K, 77% used [0x00000000d6080000,0x00000000d620de30,0x00000000d6280000)
  to   space 2048K, 0% used [0x00000000d6280000,0x00000000d6280000,0x00000000d6480000)
 ParOldGen       total 75776K, used 75484K [0x0000000080000000, 0x0000000084a00000, 0x00000000d5580000)
  object space 75776K, 99% used [0x0000000080000000,0x00000000849b7180,0x0000000084a00000)
 Metaspace       used 51679K, committed 52928K, reserved 1114112K
  class space    used 5391K, committed 5952K, reserved 1048576K
}
Event: 9.248 GC heap after
{Heap after GC invocations=48 (full 2):
 PSYoungGen      total 12288K, used 807K [0x00000000d5580000, 0x00000000d6380000, 0x0000000100000000)
  eden space 11264K, 0% used [0x00000000d5580000,0x00000000d5580000,0x00000000d6080000)
  from space 1024K, 78% used [0x00000000d6280000,0x00000000d6349f20,0x00000000d6380000)
  to   space 1536K, 0% used [0x00000000d6080000,0x00000000d6080000,0x00000000d6200000)
 ParOldGen       total 76288K, used 76195K [0x0000000080000000, 0x0000000084a80000, 0x00000000d5580000)
  object space 76288K, 99% used [0x0000000080000000,0x0000000084a68ea8,0x0000000084a80000)
 Metaspace       used 51679K, committed 52928K, reserved 1114112K
  class space    used 5391K, committed 5952K, reserved 1048576K
}
Event: 9.306 GC heap before
{Heap before GC invocations=49 (full 2):
 PSYoungGen      total 12288K, used 12071K [0x00000000d5580000, 0x00000000d6380000, 0x0000000100000000)
  eden space 11264K, 100% used [0x00000000d5580000,0x00000000d6080000,0x00000000d6080000)
  from space 1024K, 78% used [0x00000000d6280000,0x00000000d6349f20,0x00000000d6380000)
  to   space 1536K, 0% used [0x00000000d6080000,0x00000000d6080000,0x00000000d6200000)
 ParOldGen       total 76288K, used 76195K [0x0000000080000000, 0x0000000084a80000, 0x00000000d5580000)
  object space 76288K, 99% used [0x0000000080000000,0x0000000084a68ea8,0x0000000084a80000)
 Metaspace       used 52226K, committed 53504K, reserved 1114112K
  class space    used 5453K, committed 6016K, reserved 1048576K
}
Event: 9.308 GC heap after
{Heap after GC invocations=49 (full 2):
 PSYoungGen      total 12800K, used 1516K [0x00000000d5580000, 0x00000000d6680000, 0x0000000100000000)
  eden space 11264K, 0% used [0x00000000d5580000,0x00000000d5580000,0x00000000d6080000)
  from space 1536K, 98% used [0x00000000d6080000,0x00000000d61fb0e8,0x00000000d6200000)
  to   space 3072K, 0% used [0x00000000d6380000,0x00000000d6380000,0x00000000d6680000)
 ParOldGen       total 77312K, used 77078K [0x0000000080000000, 0x0000000084b80000, 0x00000000d5580000)
  object space 77312K, 99% used [0x0000000080000000,0x0000000084b45878,0x0000000084b80000)
 Metaspace       used 52226K, committed 53504K, reserved 1114112K
  class space    used 5453K, committed 6016K, reserved 1048576K
}
Event: 9.381 GC heap before
{Heap before GC invocations=50 (full 2):
 PSYoungGen      total 12800K, used 12780K [0x00000000d5580000, 0x00000000d6680000, 0x0000000100000000)
  eden space 11264K, 100% used [0x00000000d5580000,0x00000000d6080000,0x00000000d6080000)
  from space 1536K, 98% used [0x00000000d6080000,0x00000000d61fb0e8,0x00000000d6200000)
  to   space 3072K, 0% used [0x00000000d6380000,0x00000000d6380000,0x00000000d6680000)
 ParOldGen       total 77312K, used 77078K [0x0000000080000000, 0x0000000084b80000, 0x00000000d5580000)
  object space 77312K, 99% used [0x0000000080000000,0x0000000084b45878,0x0000000084b80000)
 Metaspace       used 53130K, committed 54336K, reserved 1114112K
  class space    used 5508K, committed 6016K, reserved 1048576K
}
Event: 9.383 GC heap after
{Heap after GC invocations=50 (full 2):
 PSYoungGen      total 13824K, used 2145K [0x00000000d5580000, 0x00000000d6600000, 0x0000000100000000)
  eden space 11264K, 0% used [0x00000000d5580000,0x00000000d5580000,0x00000000d6080000)
  from space 2560K, 83% used [0x00000000d6380000,0x00000000d65986a0,0x00000000d6600000)
  to   space 2560K, 0% used [0x00000000d6100000,0x00000000d6100000,0x00000000d6380000)
 ParOldGen       total 78848K, used 78611K [0x0000000080000000, 0x0000000084d00000, 0x00000000d5580000)
  object space 78848K, 99% used [0x0000000080000000,0x0000000084cc4d40,0x0000000084d00000)
 Metaspace       used 53130K, committed 54336K, reserved 1114112K
  class space    used 5508K, committed 6016K, reserved 1048576K
}
Event: 9.493 GC heap before
{Heap before GC invocations=51 (full 2):
 PSYoungGen      total 13824K, used 13409K [0x00000000d5580000, 0x00000000d6600000, 0x0000000100000000)
  eden space 11264K, 100% used [0x00000000d5580000,0x00000000d6080000,0x00000000d6080000)
  from space 2560K, 83% used [0x00000000d6380000,0x00000000d65986a0,0x00000000d6600000)
  to   space 2560K, 0% used [0x00000000d6100000,0x00000000d6100000,0x00000000d6380000)
 ParOldGen       total 78848K, used 78611K [0x0000000080000000, 0x0000000084d00000, 0x00000000d5580000)
  object space 78848K, 99% used [0x0000000080000000,0x0000000084cc4d40,0x0000000084d00000)
 Metaspace       used 53239K, committed 54464K, reserved 1114112K
  class space    used 5525K, committed 6080K, reserved 1048576K
}
Event: 9.497 GC heap after
{Heap after GC invocations=51 (full 2):
 PSYoungGen      total 13824K, used 2541K [0x00000000d5580000, 0x00000000d6a80000, 0x0000000100000000)
  eden space 11264K, 0% used [0x00000000d5580000,0x00000000d5580000,0x00000000d6080000)
  from space 2560K, 99% used [0x00000000d6100000,0x00000000d637b4e0,0x00000000d6380000)
  to   space 5120K, 0% used [0x00000000d6580000,0x00000000d6580000,0x00000000d6a80000)
 ParOldGen       total 80896K, used 80610K [0x0000000080000000, 0x0000000084f00000, 0x00000000d5580000)
  object space 80896K, 99% used [0x0000000080000000,0x0000000084eb8bc0,0x0000000084f00000)
 Metaspace       used 53239K, committed 54464K, reserved 1114112K
  class space    used 5525K, committed 6080K, reserved 1048576K
}
Event: 9.576 GC heap before
{Heap before GC invocations=52 (full 2):
 PSYoungGen      total 13824K, used 13805K [0x00000000d5580000, 0x00000000d6a80000, 0x0000000100000000)
  eden space 11264K, 100% used [0x00000000d5580000,0x00000000d6080000,0x00000000d6080000)
  from space 2560K, 99% used [0x00000000d6100000,0x00000000d637b4e0,0x00000000d6380000)
  to   space 5120K, 0% used [0x00000000d6580000,0x00000000d6580000,0x00000000d6a80000)
 ParOldGen       total 80896K, used 80611K [0x0000000080000000, 0x0000000084f00000, 0x00000000d5580000)
  object space 80896K, 99% used [0x0000000080000000,0x0000000084eb8d00,0x0000000084f00000)
 Metaspace       used 53279K, committed 54528K, reserved 1114112K
  class space    used 5543K, committed 6080K, reserved 1048576K
}
Event: 9.582 GC heap after
{Heap after GC invocations=52 (full 2):
 PSYoungGen      total 13824K, used 2148K [0x00000000d5580000, 0x00000000d6800000, 0x0000000100000000)
  eden space 11264K, 0% used [0x00000000d5580000,0x00000000d5580000,0x00000000d6080000)
  from space 2560K, 83% used [0x00000000d6580000,0x00000000d67992e8,0x00000000d6800000)
  to   space 3072K, 0% used [0x00000000d6200000,0x00000000d6200000,0x00000000d6500000)
 ParOldGen       total 83456K, used 83071K [0x0000000080000000, 0x0000000085180000, 0x00000000d5580000)
  object space 83456K, 99% used [0x0000000080000000,0x000000008511fcf8,0x0000000085180000)
 Metaspace       used 53279K, committed 54528K, reserved 1114112K
  class space    used 5543K, committed 6080K, reserved 1048576K
}
Event: 9.668 GC heap before
{Heap before GC invocations=53 (full 2):
 PSYoungGen      total 13824K, used 13412K [0x00000000d5580000, 0x00000000d6800000, 0x0000000100000000)
  eden space 11264K, 100% used [0x00000000d5580000,0x00000000d6080000,0x00000000d6080000)
  from space 2560K, 83% used [0x00000000d6580000,0x00000000d67992e8,0x00000000d6800000)
  to   space 3072K, 0% used [0x00000000d6200000,0x00000000d6200000,0x00000000d6500000)
 ParOldGen       total 83456K, used 83074K [0x0000000080000000, 0x0000000085180000, 0x00000000d5580000)
  object space 83456K, 99% used [0x0000000080000000,0x00000000851208b0,0x0000000085180000)
 Metaspace       used 53383K, committed 54592K, reserved 1114112K
  class space    used 5563K, committed 6080K, reserved 1048576K
}
Event: 9.671 GC heap after
{Heap after GC invocations=53 (full 2):
 PSYoungGen      total 13824K, used 2136K [0x00000000d5580000, 0x00000000d6600000, 0x0000000100000000)
  eden space 11264K, 0% used [0x00000000d5580000,0x00000000d5580000,0x00000000d6080000)
  from space 2560K, 83% used [0x00000000d6200000,0x00000000d6416020,0x00000000d6480000)
  to   space 1536K, 0% used [0x00000000d6480000,0x00000000d6480000,0x00000000d6600000)
 ParOldGen       total 84992K, used 84884K [0x0000000080000000, 0x0000000085300000, 0x00000000d5580000)
  object space 84992K, 99% used [0x0000000080000000,0x00000000852e5378,0x0000000085300000)
 Metaspace       used 53383K, committed 54592K, reserved 1114112K
  class space    used 5563K, committed 6080K, reserved 1048576K
}
Event: 9.751 GC heap before
{Heap before GC invocations=54 (full 2):
 PSYoungGen      total 13824K, used 13400K [0x00000000d5580000, 0x00000000d6600000, 0x0000000100000000)
  eden space 11264K, 100% used [0x00000000d5580000,0x00000000d6080000,0x00000000d6080000)
  from space 2560K, 83% used [0x00000000d6200000,0x00000000d6416020,0x00000000d6480000)
  to   space 1536K, 0% used [0x00000000d6480000,0x00000000d6480000,0x00000000d6600000)
 ParOldGen       total 84992K, used 84884K [0x0000000080000000, 0x0000000085300000, 0x00000000d5580000)
  object space 84992K, 99% used [0x0000000080000000,0x00000000852e5378,0x0000000085300000)
 Metaspace       used 53514K, committed 54720K, reserved 1114112K
  class space    used 5574K, committed 6080K, reserved 1048576K
}
Event: 9.754 GC heap after
{Heap after GC invocations=54 (full 2):
 PSYoungGen      total 11776K, used 1523K [0x00000000d5580000, 0x00000000d6a80000, 0x0000000100000000)
  eden space 10240K, 0% used [0x00000000d5580000,0x00000000d5580000,0x00000000d5f80000)
  from space 1536K, 99% used [0x00000000d6480000,0x00000000d65fce98,0x00000000d6600000)
  to   space 5120K, 0% used [0x00000000d5f80000,0x00000000d5f80000,0x00000000d6480000)
 ParOldGen       total 88064K, used 87651K [0x0000000080000000, 0x0000000085600000, 0x00000000d5580000)
  object space 88064K, 99% used [0x0000000080000000,0x0000000085598de0,0x0000000085600000)
 Metaspace       used 53514K, committed 54720K, reserved 1114112K
  class space    used 5574K, committed 6080K, reserved 1048576K
}
Event: 9.837 GC heap before
{Heap before GC invocations=55 (full 2):
 PSYoungGen      total 11776K, used 11763K [0x00000000d5580000, 0x00000000d6a80000, 0x0000000100000000)
  eden space 10240K, 100% used [0x00000000d5580000,0x00000000d5f80000,0x00000000d5f80000)
  from space 1536K, 99% used [0x00000000d6480000,0x00000000d65fce98,0x00000000d6600000)
  to   space 5120K, 0% used [0x00000000d5f80000,0x00000000d5f80000,0x00000000d6480000)
 ParOldGen       total 88064K, used 87651K [0x0000000080000000, 0x0000000085600000, 0x00000000d5580000)
  object space 88064K, 99% used [0x0000000080000000,0x0000000085598de0,0x0000000085600000)
 Metaspace       used 53621K, committed 54848K, reserved 1114112K
  class space    used 5582K, committed 6144K, reserved 1048576K
}
Event: 9.840 GC heap after
{Heap after GC invocations=55 (full 2):
 PSYoungGen      total 12800K, used 2232K [0x00000000d5580000, 0x00000000d6580000, 0x0000000100000000)
  eden space 10240K, 0% used [0x00000000d5580000,0x00000000d5580000,0x00000000d5f80000)
  from space 2560K, 87% used [0x00000000d5f80000,0x00000000d61ae238,0x00000000d6200000)
  to   space 3072K, 0% used [0x00000000d6280000,0x00000000d6280000,0x00000000d6580000)
 ParOldGen       total 89088K, used 89040K [0x0000000080000000, 0x0000000085700000, 0x00000000d5580000)
  object space 89088K, 99% used [0x0000000080000000,0x00000000856f40c8,0x0000000085700000)
 Metaspace       used 53621K, committed 54848K, reserved 1114112K
  class space    used 5582K, committed 6144K, reserved 1048576K
}
Event: 9.970 GC heap before
{Heap before GC invocations=56 (full 2):
 PSYoungGen      total 12800K, used 12472K [0x00000000d5580000, 0x00000000d6580000, 0x0000000100000000)
  eden space 10240K, 100% used [0x00000000d5580000,0x00000000d5f80000,0x00000000d5f80000)
  from space 2560K, 87% used [0x00000000d5f80000,0x00000000d61ae238,0x00000000d6200000)
  to   space 3072K, 0% used [0x00000000d6280000,0x00000000d6280000,0x00000000d6580000)
 ParOldGen       total 89088K, used 89040K [0x0000000080000000, 0x0000000085700000, 0x00000000d5580000)
  object space 89088K, 99% used [0x0000000080000000,0x00000000856f40c8,0x0000000085700000)
 Metaspace       used 53828K, committed 55040K, reserved 1114112K
  class space    used 5598K, committed 6144K, reserved 1048576K
}
Event: 9.973 GC heap after
{Heap after GC invocations=56 (full 2):
 PSYoungGen      total 12288K, used 1997K [0x00000000d5580000, 0x00000000d6480000, 0x0000000100000000)
  eden space 10240K, 0% used [0x00000000d5580000,0x00000000d5580000,0x00000000d5f80000)
  from space 2048K, 97% used [0x00000000d6280000,0x00000000d64735d8,0x00000000d6480000)
  to   space 2560K, 0% used [0x00000000d5f80000,0x00000000d5f80000,0x00000000d6200000)
 ParOldGen       total 91136K, used 91058K [0x0000000080000000, 0x0000000085900000, 0x00000000d5580000)
  object space 91136K, 99% used [0x0000000080000000,0x00000000858ecb38,0x0000000085900000)
 Metaspace       used 53828K, committed 55040K, reserved 1114112K
  class space    used 5598K, committed 6144K, reserved 1048576K
}
Event: 10.045 GC heap before
{Heap before GC invocations=57 (full 2):
 PSYoungGen      total 12288K, used 12237K [0x00000000d5580000, 0x00000000d6480000, 0x0000000100000000)
  eden space 10240K, 100% used [0x00000000d5580000,0x00000000d5f80000,0x00000000d5f80000)
  from space 2048K, 97% used [0x00000000d6280000,0x00000000d64735d8,0x00000000d6480000)
  to   space 2560K, 0% used [0x00000000d5f80000,0x00000000d5f80000,0x00000000d6200000)
 ParOldGen       total 91136K, used 91058K [0x0000000080000000, 0x0000000085900000, 0x00000000d5580000)
  object space 91136K, 99% used [0x0000000080000000,0x00000000858ecb38,0x0000000085900000)
 Metaspace       used 53897K, committed 55104K, reserved 1114112K
  class space    used 5612K, committed 6144K, reserved 1048576K
}
Event: 10.047 GC heap after
{Heap after GC invocations=57 (full 2):
 PSYoungGen      total 12800K, used 2366K [0x00000000d5580000, 0x00000000d6480000, 0x0000000100000000)
  eden space 10240K, 0% used [0x00000000d5580000,0x00000000d5580000,0x00000000d5f80000)
  from space 2560K, 92% used [0x00000000d5f80000,0x00000000d61cfba8,0x00000000d6200000)
  to   space 2560K, 0% used [0x00000000d6200000,0x00000000d6200000,0x00000000d6480000)
 ParOldGen       total 93184K, used 92782K [0x0000000080000000, 0x0000000085b00000, 0x00000000d5580000)
  object space 93184K, 99% used [0x0000000080000000,0x0000000085a9b8d8,0x0000000085b00000)
 Metaspace       used 53897K, committed 55104K, reserved 1114112K
  class space    used 5612K, committed 6144K, reserved 1048576K
}

