# JRE version: OpenJDK Runtime Environment Temurin-21.0.7+6 (21.0.7+6) (build 21.0.7+6-LTS)
# Java VM: OpenJDK 64-Bit Server VM Temurin-21.0.7+6 (21.0.7+6-LTS, mixed mode, sharing, tiered, compressed oops, compressed class ptrs, parallel gc, windows-amd64)
GC Precious Log:
 CardTable entry size: 512
 CPUs: 16 total, 16 available
 Memory: 7860M
 Large Page Support: Disabled
 NUMA Support: Disabled
 Compressed Oops: Enabled (32-bit)
 Alignments: Space 512K, Generation 512K, Heap 2M
 Heap Min Capacity: 100M
 Heap Initial Capacity: 100M
 Heap Max Capacity: 2G
 Pre-touch: Disabled
 Parallel Workers: 13
Heap:
 PSYoungGen      total 5632K, used 1152K [0x00000000d5580000, 0x00000000d5c80000, 0x0000000100000000)
  eden space 4096K, 0% used [0x00000000d5580000,0x00000000d5580000,0x00000000d5980000)
  from space 1536K, 75% used [0x00000000d5b00000,0x00000000d5c20298,0x00000000d5c80000)
  to   space 1536K, 0% used [0x00000000d5980000,0x00000000d5980000,0x00000000d5b00000)
 ParOldGen       total 253440K, used 253203K [0x0000000080000000, 0x000000008f780000, 0x00000000d5580000)
  object space 253440K, 99% used [0x0000000080000000,0x000000008f744f30,0x000000008f780000)
 Metaspace       used 59979K, committed 61312K, reserved 1114112K
  class space    used 5998K, committed 6592K, reserved 1048576K
GC Heap History (20 events):
Event: 14.657 GC heap after
{Heap after GC invocations=195 (full 3):
 PSYoungGen      total 5632K, used 1239K [0x00000000d5580000, 0x00000000d5d00000, 0x0000000100000000)
  eden space 4096K, 0% used [0x00000000d5580000,0x00000000d5580000,0x00000000d5980000)
  from space 1536K, 80% used [0x00000000d5b80000,0x00000000d5cb5c40,0x00000000d5d00000)
  to   space 1536K, 0% used [0x00000000d5a00000,0x00000000d5a00000,0x00000000d5b80000)
 ParOldGen       total 244224K, used 244090K [0x0000000080000000, 0x000000008ee80000, 0x00000000d5580000)
  object space 244224K, 99% used [0x0000000080000000,0x000000008ee5e990,0x000000008ee80000)
 Metaspace       used 59407K, committed 60672K, reserved 1114112K
  class space    used 5957K, committed 6528K, reserved 1048576K
}
Event: 14.677 GC heap before
{Heap before GC invocations=196 (full 3):
 PSYoungGen      total 5632K, used 5335K [0x00000000d5580000, 0x00000000d5d00000, 0x0000000100000000)
  eden space 4096K, 100% used [0x00000000d5580000,0x00000000d5980000,0x00000000d5980000)
  from space 1536K, 80% used [0x00000000d5b80000,0x00000000d5cb5c40,0x00000000d5d00000)
  to   space 1536K, 0% used [0x00000000d5a00000,0x00000000d5a00000,0x00000000d5b80000)
 ParOldGen       total 244224K, used 244090K [0x0000000080000000, 0x000000008ee80000, 0x00000000d5580000)
  object space 244224K, 99% used [0x0000000080000000,0x000000008ee5e990,0x000000008ee80000)
 Metaspace       used 59434K, committed 60672K, reserved 1114112K
  class space    used 5957K, committed 6528K, reserved 1048576K
}
Event: 14.679 GC heap after
{Heap after GC invocations=196 (full 3):
 PSYoungGen      total 5120K, used 960K [0x00000000d5580000, 0x00000000d5c80000, 0x0000000100000000)
  eden space 4096K, 0% used [0x00000000d5580000,0x00000000d5580000,0x00000000d5980000)
  from space 1024K, 93% used [0x00000000d5a00000,0x00000000d5af0000,0x00000000d5b00000)
  to   space 1536K, 0% used [0x00000000d5b00000,0x00000000d5b00000,0x00000000d5c80000)
 ParOldGen       total 245248K, used 245084K [0x0000000080000000, 0x000000008ef80000, 0x00000000d5580000)
  object space 245248K, 99% used [0x0000000080000000,0x000000008ef57070,0x000000008ef80000)
 Metaspace       used 59434K, committed 60672K, reserved 1114112K
  class space    used 5957K, committed 6528K, reserved 1048576K
}
Event: 14.705 GC heap before
{Heap before GC invocations=197 (full 3):
 PSYoungGen      total 5120K, used 5056K [0x00000000d5580000, 0x00000000d5c80000, 0x0000000100000000)
  eden space 4096K, 100% used [0x00000000d5580000,0x00000000d5980000,0x00000000d5980000)
  from space 1024K, 93% used [0x00000000d5a00000,0x00000000d5af0000,0x00000000d5b00000)
  to   space 1536K, 0% used [0x00000000d5b00000,0x00000000d5b00000,0x00000000d5c80000)
 ParOldGen       total 245248K, used 245084K [0x0000000080000000, 0x000000008ef80000, 0x00000000d5580000)
  object space 245248K, 99% used [0x0000000080000000,0x000000008ef57070,0x000000008ef80000)
 Metaspace       used 59532K, committed 60736K, reserved 1114112K
  class space    used 5959K, committed 6528K, reserved 1048576K
}
Event: 14.707 GC heap after
{Heap after GC invocations=197 (full 3):
 PSYoungGen      total 5632K, used 1047K [0x00000000d5580000, 0x00000000d5c80000, 0x0000000100000000)
  eden space 4096K, 0% used [0x00000000d5580000,0x00000000d5580000,0x00000000d5980000)
  from space 1536K, 68% used [0x00000000d5b00000,0x00000000d5c05d28,0x00000000d5c80000)
  to   space 1536K, 0% used [0x00000000d5980000,0x00000000d5980000,0x00000000d5b00000)
 ParOldGen       total 246272K, used 245928K [0x0000000080000000, 0x000000008f080000, 0x00000000d5580000)
  object space 246272K, 99% used [0x0000000080000000,0x000000008f02a188,0x000000008f080000)
 Metaspace       used 59532K, committed 60736K, reserved 1114112K
  class space    used 5959K, committed 6528K, reserved 1048576K
}
Event: 14.727 GC heap before
{Heap before GC invocations=198 (full 3):
 PSYoungGen      total 5632K, used 5143K [0x00000000d5580000, 0x00000000d5c80000, 0x0000000100000000)
  eden space 4096K, 100% used [0x00000000d5580000,0x00000000d5980000,0x00000000d5980000)
  from space 1536K, 68% used [0x00000000d5b00000,0x00000000d5c05d28,0x00000000d5c80000)
  to   space 1536K, 0% used [0x00000000d5980000,0x00000000d5980000,0x00000000d5b00000)
 ParOldGen       total 246272K, used 245928K [0x0000000080000000, 0x000000008f080000, 0x00000000d5580000)
  object space 246272K, 99% used [0x0000000080000000,0x000000008f02a188,0x000000008f080000)
 Metaspace       used 59539K, committed 60736K, reserved 1114112K
  class space    used 5960K, committed 6528K, reserved 1048576K
}
Event: 14.729 GC heap after
{Heap after GC invocations=198 (full 3):
 PSYoungGen      total 5632K, used 1056K [0x00000000d5580000, 0x00000000d5c80000, 0x0000000100000000)
  eden space 4096K, 0% used [0x00000000d5580000,0x00000000d5580000,0x00000000d5980000)
  from space 1536K, 68% used [0x00000000d5980000,0x00000000d5a88000,0x00000000d5b00000)
  to   space 1536K, 0% used [0x00000000d5b00000,0x00000000d5b00000,0x00000000d5c80000)
 ParOldGen       total 247296K, used 246788K [0x0000000080000000, 0x000000008f180000, 0x00000000d5580000)
  object space 247296K, 99% used [0x0000000080000000,0x000000008f101300,0x000000008f180000)
 Metaspace       used 59539K, committed 60736K, reserved 1114112K
  class space    used 5960K, committed 6528K, reserved 1048576K
}
Event: 14.750 GC heap before
{Heap before GC invocations=199 (full 3):
 PSYoungGen      total 5632K, used 5152K [0x00000000d5580000, 0x00000000d5c80000, 0x0000000100000000)
  eden space 4096K, 100% used [0x00000000d5580000,0x00000000d5980000,0x00000000d5980000)
  from space 1536K, 68% used [0x00000000d5980000,0x00000000d5a88000,0x00000000d5b00000)
  to   space 1536K, 0% used [0x00000000d5b00000,0x00000000d5b00000,0x00000000d5c80000)
 ParOldGen       total 247296K, used 246788K [0x0000000080000000, 0x000000008f180000, 0x00000000d5580000)
  object space 247296K, 99% used [0x0000000080000000,0x000000008f101300,0x000000008f180000)
 Metaspace       used 59559K, committed 60800K, reserved 1114112K
  class space    used 5961K, committed 6528K, reserved 1048576K
}
Event: 14.752 GC heap after
{Heap after GC invocations=199 (full 3):
 PSYoungGen      total 5632K, used 1328K [0x00000000d5580000, 0x00000000d5c80000, 0x0000000100000000)
  eden space 4096K, 0% used [0x00000000d5580000,0x00000000d5580000,0x00000000d5980000)
  from space 1536K, 86% used [0x00000000d5b00000,0x00000000d5c4c010,0x00000000d5c80000)
  to   space 1536K, 0% used [0x00000000d5980000,0x00000000d5980000,0x00000000d5b00000)
 ParOldGen       total 247808K, used 247674K [0x0000000080000000, 0x000000008f200000, 0x00000000d5580000)
  object space 247808K, 99% used [0x0000000080000000,0x000000008f1deab0,0x000000008f200000)
 Metaspace       used 59559K, committed 60800K, reserved 1114112K
  class space    used 5961K, committed 6528K, reserved 1048576K
}
Event: 14.772 GC heap before
{Heap before GC invocations=200 (full 3):
 PSYoungGen      total 5632K, used 5424K [0x00000000d5580000, 0x00000000d5c80000, 0x0000000100000000)
  eden space 4096K, 100% used [0x00000000d5580000,0x00000000d5980000,0x00000000d5980000)
  from space 1536K, 86% used [0x00000000d5b00000,0x00000000d5c4c010,0x00000000d5c80000)
  to   space 1536K, 0% used [0x00000000d5980000,0x00000000d5980000,0x00000000d5b00000)
 ParOldGen       total 247808K, used 247674K [0x0000000080000000, 0x000000008f200000, 0x00000000d5580000)
  object space 247808K, 99% used [0x0000000080000000,0x000000008f1deab0,0x000000008f200000)
 Metaspace       used 59595K, committed 60800K, reserved 1114112K
  class space    used 5965K, committed 6528K, reserved 1048576K
}
Event: 14.774 GC heap after
{Heap after GC invocations=200 (full 3):
 PSYoungGen      total 5632K, used 1089K [0x00000000d5580000, 0x00000000d5c80000, 0x0000000100000000)
  eden space 4096K, 0% used [0x00000000d5580000,0x00000000d5580000,0x00000000d5980000)
  from space 1536K, 70% used [0x00000000d5980000,0x00000000d5a90560,0x00000000d5b00000)
  to   space 1536K, 0% used [0x00000000d5b00000,0x00000000d5b00000,0x00000000d5c80000)
 ParOldGen       total 249344K, used 248895K [0x0000000080000000, 0x000000008f380000, 0x00000000d5580000)
  object space 249344K, 99% used [0x0000000080000000,0x000000008f30ff50,0x000000008f380000)
 Metaspace       used 59595K, committed 60800K, reserved 1114112K
  class space    used 5965K, committed 6528K, reserved 1048576K
}
Event: 14.797 GC heap before
{Heap before GC invocations=201 (full 3):
 PSYoungGen      total 5632K, used 5185K [0x00000000d5580000, 0x00000000d5c80000, 0x0000000100000000)
  eden space 4096K, 100% used [0x00000000d5580000,0x00000000d5980000,0x00000000d5980000)
  from space 1536K, 70% used [0x00000000d5980000,0x00000000d5a90560,0x00000000d5b00000)
  to   space 1536K, 0% used [0x00000000d5b00000,0x00000000d5b00000,0x00000000d5c80000)
 ParOldGen       total 249344K, used 248895K [0x0000000080000000, 0x000000008f380000, 0x00000000d5580000)
  object space 249344K, 99% used [0x0000000080000000,0x000000008f30ff50,0x000000008f380000)
 Metaspace       used 59675K, committed 60864K, reserved 1114112K
  class space    used 5973K, committed 6528K, reserved 1048576K
}
Event: 14.799 GC heap after
{Heap after GC invocations=201 (full 3):
 PSYoungGen      total 5632K, used 1043K [0x00000000d5580000, 0x00000000d5c80000, 0x0000000100000000)
  eden space 4096K, 0% used [0x00000000d5580000,0x00000000d5580000,0x00000000d5980000)
  from space 1536K, 67% used [0x00000000d5b00000,0x00000000d5c04ec8,0x00000000d5c80000)
  to   space 1536K, 0% used [0x00000000d5980000,0x00000000d5980000,0x00000000d5b00000)
 ParOldGen       total 249856K, used 249781K [0x0000000080000000, 0x000000008f400000, 0x00000000d5580000)
  object space 249856K, 99% used [0x0000000080000000,0x000000008f3ed510,0x000000008f400000)
 Metaspace       used 59675K, committed 60864K, reserved 1114112K
  class space    used 5973K, committed 6528K, reserved 1048576K
}
Event: 14.824 GC heap before
{Heap before GC invocations=202 (full 3):
 PSYoungGen      total 5632K, used 5139K [0x00000000d5580000, 0x00000000d5c80000, 0x0000000100000000)
  eden space 4096K, 100% used [0x00000000d5580000,0x00000000d5980000,0x00000000d5980000)
  from space 1536K, 67% used [0x00000000d5b00000,0x00000000d5c04ec8,0x00000000d5c80000)
  to   space 1536K, 0% used [0x00000000d5980000,0x00000000d5980000,0x00000000d5b00000)
 ParOldGen       total 249856K, used 249781K [0x0000000080000000, 0x000000008f400000, 0x00000000d5580000)
  object space 249856K, 99% used [0x0000000080000000,0x000000008f3ed510,0x000000008f400000)
 Metaspace       used 59765K, committed 61056K, reserved 1114112K
  class space    used 5981K, committed 6528K, reserved 1048576K
}
Event: 14.826 GC heap after
{Heap after GC invocations=202 (full 3):
 PSYoungGen      total 5632K, used 1165K [0x00000000d5580000, 0x00000000d5c80000, 0x0000000100000000)
  eden space 4096K, 0% used [0x00000000d5580000,0x00000000d5580000,0x00000000d5980000)
  from space 1536K, 75% used [0x00000000d5980000,0x00000000d5aa3558,0x00000000d5b00000)
  to   space 1536K, 0% used [0x00000000d5b00000,0x00000000d5b00000,0x00000000d5c80000)
 ParOldGen       total 250880K, used 250605K [0x0000000080000000, 0x000000008f500000, 0x00000000d5580000)
  object space 250880K, 99% used [0x0000000080000000,0x000000008f4bb7b8,0x000000008f500000)
 Metaspace       used 59765K, committed 61056K, reserved 1114112K
  class space    used 5981K, committed 6528K, reserved 1048576K
}
Event: 14.854 GC heap before
{Heap before GC invocations=203 (full 3):
 PSYoungGen      total 5632K, used 5244K [0x00000000d5580000, 0x00000000d5c80000, 0x0000000100000000)
  eden space 4096K, 99% used [0x00000000d5580000,0x00000000d597bb20,0x00000000d5980000)
  from space 1536K, 75% used [0x00000000d5980000,0x00000000d5aa3558,0x00000000d5b00000)
  to   space 1536K, 0% used [0x00000000d5b00000,0x00000000d5b00000,0x00000000d5c80000)
 ParOldGen       total 250880K, used 250605K [0x0000000080000000, 0x000000008f500000, 0x00000000d5580000)
  object space 250880K, 99% used [0x0000000080000000,0x000000008f4bb7b8,0x000000008f500000)
 Metaspace       used 59909K, committed 61184K, reserved 1114112K
  class space    used 5990K, committed 6528K, reserved 1048576K
}
Event: 14.856 GC heap after
{Heap after GC invocations=203 (full 3):
 PSYoungGen      total 5632K, used 965K [0x00000000d5580000, 0x00000000d5c80000, 0x0000000100000000)
  eden space 4096K, 0% used [0x00000000d5580000,0x00000000d5580000,0x00000000d5980000)
  from space 1536K, 62% used [0x00000000d5b00000,0x00000000d5bf17e0,0x00000000d5c80000)
  to   space 1536K, 0% used [0x00000000d5980000,0x00000000d5980000,0x00000000d5b00000)
 ParOldGen       total 251904K, used 251528K [0x0000000080000000, 0x000000008f600000, 0x00000000d5580000)
  object space 251904K, 99% used [0x0000000080000000,0x000000008f5a23a0,0x000000008f600000)
 Metaspace       used 59909K, committed 61184K, reserved 1114112K
  class space    used 5990K, committed 6528K, reserved 1048576K
}
Event: 14.885 GC heap before
{Heap before GC invocations=204 (full 3):
 PSYoungGen      total 5632K, used 5061K [0x00000000d5580000, 0x00000000d5c80000, 0x0000000100000000)
  eden space 4096K, 100% used [0x00000000d5580000,0x00000000d5980000,0x00000000d5980000)
  from space 1536K, 62% used [0x00000000d5b00000,0x00000000d5bf17e0,0x00000000d5c80000)
  to   space 1536K, 0% used [0x00000000d5980000,0x00000000d5980000,0x00000000d5b00000)
 ParOldGen       total 251904K, used 251528K [0x0000000080000000, 0x000000008f600000, 0x00000000d5580000)
  object space 251904K, 99% used [0x0000000080000000,0x000000008f5a23a0,0x000000008f600000)
 Metaspace       used 59969K, committed 61312K, reserved 1114112K
  class space    used 5998K, committed 6592K, reserved 1048576K
}
Event: 14.887 GC heap after
{Heap after GC invocations=204 (full 3):
 PSYoungGen      total 5632K, used 1047K [0x00000000d5580000, 0x00000000d5c80000, 0x0000000100000000)
  eden space 4096K, 0% used [0x00000000d5580000,0x00000000d5580000,0x00000000d5980000)
  from space 1536K, 68% used [0x00000000d5980000,0x00000000d5a85d20,0x00000000d5b00000)
  to   space 1536K, 0% used [0x00000000d5b00000,0x00000000d5b00000,0x00000000d5c80000)
 ParOldGen       total 252416K, used 252343K [0x0000000080000000, 0x000000008f680000, 0x00000000d5580000)
  object space 252416K, 99% used [0x0000000080000000,0x000000008f66dc18,0x000000008f680000)
 Metaspace       used 59969K, committed 61312K, reserved 1114112K
  class space    used 5998K, committed 6592K, reserved 1048576K
}
Event: 14.901 GC heap before
{Heap before GC invocations=205 (full 3):
 PSYoungGen      total 5632K, used 5143K [0x00000000d5580000, 0x00000000d5c80000, 0x0000000100000000)
  eden space 4096K, 100% used [0x00000000d5580000,0x00000000d5980000,0x00000000d5980000)
  from space 1536K, 68% used [0x00000000d5980000,0x00000000d5a85d20,0x00000000d5b00000)
  to   space 1536K, 0% used [0x00000000d5b00000,0x00000000d5b00000,0x00000000d5c80000)
 ParOldGen       total 252416K, used 252343K [0x0000000080000000, 0x000000008f680000, 0x00000000d5580000)
  object space 252416K, 99% used [0x0000000080000000,0x000000008f66dc18,0x000000008f680000)
 Metaspace       used 59979K, committed 61312K, reserved 1114112K
  class space    used 5998K, committed 6592K, reserved 1048576K
}

