# JRE version: OpenJDK Runtime Environment Temurin-21.0.7+6 (21.0.7+6) (build 21.0.7+6-LTS)
# Java VM: OpenJDK 64-Bit Server VM Temurin-21.0.7+6 (21.0.7+6-LTS, mixed mode, sharing, tiered, compressed oops, compressed class ptrs, parallel gc, windows-amd64)
GC Precious Log:
 CardTable entry size: 512
 CPUs: 12 total, 12 available
 Memory: 7863M
 Large Page Support: Disabled
 NUMA Support: Disabled
 Compressed Oops: Enabled (32-bit)
 Alignments: Space 512K, Generation 512K, Heap 2M
 Heap Min Capacity: 100M
 Heap Initial Capacity: 100M
 Heap Max Capacity: 2G
 Pre-touch: Disabled
 Parallel Workers: 10
Heap:
 PSYoungGen      total 3072K, used 1778K [0x00000000d5580000, 0x00000000d5980000, 0x0000000100000000)
  eden space 2048K, 49% used [0x00000000d5580000,0x00000000d567c320,0x00000000d5780000)
  from space 1024K, 75% used [0x00000000d5780000,0x00000000d5840598,0x00000000d5880000)
  to   space 1024K, 0% used [0x00000000d5880000,0x00000000d5880000,0x00000000d5980000)
 ParOldGen       total 201216K, used 201018K [0x0000000080000000, 0x000000008c480000, 0x00000000d5580000)
  object space 201216K, 99% used [0x0000000080000000,0x000000008c44ea60,0x000000008c480000)
 Metaspace       used 63644K, committed 64896K, reserved 1114112K
  class space    used 6502K, committed 7040K, reserved 1048576K
GC Heap History (20 events):
Event: 72.765 GC heap before
{Heap before GC invocations=235 (full 3):
 PSYoungGen      total 3072K, used 2720K [0x00000000d5580000, 0x00000000d5980000, 0x0000000100000000)
  eden space 2048K, 100% used [0x00000000d5580000,0x00000000d5780000,0x00000000d5780000)
  from space 1024K, 65% used [0x00000000d5780000,0x00000000d5828000,0x00000000d5880000)
  to   space 1024K, 0% used [0x00000000d5880000,0x00000000d5880000,0x00000000d5980000)
 ParOldGen       total 194048K, used 194008K [0x0000000080000000, 0x000000008bd80000, 0x00000000d5580000)
  object space 194048K, 99% used [0x0000000080000000,0x000000008bd76328,0x000000008bd80000)
 Metaspace       used 63507K, committed 64768K, reserved 1114112K
  class space    used 6498K, committed 7040K, reserved 1048576K
}
Event: 72.768 GC heap after
{Heap after GC invocations=235 (full 3):
 PSYoungGen      total 3072K, used 724K [0x00000000d5580000, 0x00000000d5980000, 0x0000000100000000)
  eden space 2048K, 0% used [0x00000000d5580000,0x00000000d5580000,0x00000000d5780000)
  from space 1024K, 70% used [0x00000000d5880000,0x00000000d59352f0,0x00000000d5980000)
  to   space 1024K, 0% used [0x00000000d5780000,0x00000000d5780000,0x00000000d5880000)
 ParOldGen       total 195072K, used 194608K [0x0000000080000000, 0x000000008be80000, 0x00000000d5580000)
  object space 195072K, 99% used [0x0000000080000000,0x000000008be0c0c0,0x000000008be80000)
 Metaspace       used 63507K, committed 64768K, reserved 1114112K
  class space    used 6498K, committed 7040K, reserved 1048576K
}
Event: 72.801 GC heap before
{Heap before GC invocations=236 (full 3):
 PSYoungGen      total 3072K, used 2772K [0x00000000d5580000, 0x00000000d5980000, 0x0000000100000000)
  eden space 2048K, 100% used [0x00000000d5580000,0x00000000d5780000,0x00000000d5780000)
  from space 1024K, 70% used [0x00000000d5880000,0x00000000d59352f0,0x00000000d5980000)
  to   space 1024K, 0% used [0x00000000d5780000,0x00000000d5780000,0x00000000d5880000)
 ParOldGen       total 195072K, used 194608K [0x0000000080000000, 0x000000008be80000, 0x00000000d5580000)
  object space 195072K, 99% used [0x0000000080000000,0x000000008be0c0c0,0x000000008be80000)
 Metaspace       used 63512K, committed 64768K, reserved 1114112K
  class space    used 6498K, committed 7040K, reserved 1048576K
}
Event: 72.804 GC heap after
{Heap after GC invocations=236 (full 3):
 PSYoungGen      total 3072K, used 608K [0x00000000d5580000, 0x00000000d5980000, 0x0000000100000000)
  eden space 2048K, 0% used [0x00000000d5580000,0x00000000d5580000,0x00000000d5780000)
  from space 1024K, 59% used [0x00000000d5780000,0x00000000d5818000,0x00000000d5880000)
  to   space 1024K, 0% used [0x00000000d5880000,0x00000000d5880000,0x00000000d5980000)
 ParOldGen       total 195584K, used 195180K [0x0000000080000000, 0x000000008bf00000, 0x00000000d5580000)
  object space 195584K, 99% used [0x0000000080000000,0x000000008be9b160,0x000000008bf00000)
 Metaspace       used 63512K, committed 64768K, reserved 1114112K
  class space    used 6498K, committed 7040K, reserved 1048576K
}
Event: 72.836 GC heap before
{Heap before GC invocations=237 (full 3):
 PSYoungGen      total 3072K, used 2656K [0x00000000d5580000, 0x00000000d5980000, 0x0000000100000000)
  eden space 2048K, 100% used [0x00000000d5580000,0x00000000d5780000,0x00000000d5780000)
  from space 1024K, 59% used [0x00000000d5780000,0x00000000d5818000,0x00000000d5880000)
  to   space 1024K, 0% used [0x00000000d5880000,0x00000000d5880000,0x00000000d5980000)
 ParOldGen       total 195584K, used 195180K [0x0000000080000000, 0x000000008bf00000, 0x00000000d5580000)
  object space 195584K, 99% used [0x0000000080000000,0x000000008be9b160,0x000000008bf00000)
 Metaspace       used 63513K, committed 64768K, reserved 1114112K
  class space    used 6498K, committed 7040K, reserved 1048576K
}
Event: 72.839 GC heap after
{Heap after GC invocations=237 (full 3):
 PSYoungGen      total 3072K, used 646K [0x00000000d5580000, 0x00000000d5980000, 0x0000000100000000)
  eden space 2048K, 0% used [0x00000000d5580000,0x00000000d5580000,0x00000000d5780000)
  from space 1024K, 63% used [0x00000000d5880000,0x00000000d5921960,0x00000000d5980000)
  to   space 1024K, 0% used [0x00000000d5780000,0x00000000d5780000,0x00000000d5880000)
 ParOldGen       total 196096K, used 195645K [0x0000000080000000, 0x000000008bf80000, 0x00000000d5580000)
  object space 196096K, 99% used [0x0000000080000000,0x000000008bf0f6e0,0x000000008bf80000)
 Metaspace       used 63513K, committed 64768K, reserved 1114112K
  class space    used 6498K, committed 7040K, reserved 1048576K
}
Event: 72.867 GC heap before
{Heap before GC invocations=238 (full 3):
 PSYoungGen      total 3072K, used 2694K [0x00000000d5580000, 0x00000000d5980000, 0x0000000100000000)
  eden space 2048K, 100% used [0x00000000d5580000,0x00000000d5780000,0x00000000d5780000)
  from space 1024K, 63% used [0x00000000d5880000,0x00000000d5921960,0x00000000d5980000)
  to   space 1024K, 0% used [0x00000000d5780000,0x00000000d5780000,0x00000000d5880000)
 ParOldGen       total 196096K, used 195645K [0x0000000080000000, 0x000000008bf80000, 0x00000000d5580000)
  object space 196096K, 99% used [0x0000000080000000,0x000000008bf0f6e0,0x000000008bf80000)
 Metaspace       used 63526K, committed 64768K, reserved 1114112K
  class space    used 6498K, committed 7040K, reserved 1048576K
}
Event: 72.870 GC heap after
{Heap after GC invocations=238 (full 3):
 PSYoungGen      total 3072K, used 659K [0x00000000d5580000, 0x00000000d5980000, 0x0000000100000000)
  eden space 2048K, 0% used [0x00000000d5580000,0x00000000d5580000,0x00000000d5780000)
  from space 1024K, 64% used [0x00000000d5780000,0x00000000d5824da8,0x00000000d5880000)
  to   space 1024K, 0% used [0x00000000d5880000,0x00000000d5880000,0x00000000d5980000)
 ParOldGen       total 196608K, used 196137K [0x0000000080000000, 0x000000008c000000, 0x00000000d5580000)
  object space 196608K, 99% used [0x0000000080000000,0x000000008bf8a468,0x000000008c000000)
 Metaspace       used 63526K, committed 64768K, reserved 1114112K
  class space    used 6498K, committed 7040K, reserved 1048576K
}
Event: 72.897 GC heap before
{Heap before GC invocations=239 (full 3):
 PSYoungGen      total 3072K, used 2707K [0x00000000d5580000, 0x00000000d5980000, 0x0000000100000000)
  eden space 2048K, 100% used [0x00000000d5580000,0x00000000d5780000,0x00000000d5780000)
  from space 1024K, 64% used [0x00000000d5780000,0x00000000d5824da8,0x00000000d5880000)
  to   space 1024K, 0% used [0x00000000d5880000,0x00000000d5880000,0x00000000d5980000)
 ParOldGen       total 196608K, used 196137K [0x0000000080000000, 0x000000008c000000, 0x00000000d5580000)
  object space 196608K, 99% used [0x0000000080000000,0x000000008bf8a468,0x000000008c000000)
 Metaspace       used 63552K, committed 64832K, reserved 1114112K
  class space    used 6499K, committed 7040K, reserved 1048576K
}
Event: 72.901 GC heap after
{Heap after GC invocations=239 (full 3):
 PSYoungGen      total 3072K, used 636K [0x00000000d5580000, 0x00000000d5980000, 0x0000000100000000)
  eden space 2048K, 0% used [0x00000000d5580000,0x00000000d5580000,0x00000000d5780000)
  from space 1024K, 62% used [0x00000000d5880000,0x00000000d591f050,0x00000000d5980000)
  to   space 1024K, 0% used [0x00000000d5780000,0x00000000d5780000,0x00000000d5880000)
 ParOldGen       total 197120K, used 196651K [0x0000000080000000, 0x000000008c080000, 0x00000000d5580000)
  object space 197120K, 99% used [0x0000000080000000,0x000000008c00af40,0x000000008c080000)
 Metaspace       used 63552K, committed 64832K, reserved 1114112K
  class space    used 6499K, committed 7040K, reserved 1048576K
}
Event: 72.930 GC heap before
{Heap before GC invocations=240 (full 3):
 PSYoungGen      total 3072K, used 2684K [0x00000000d5580000, 0x00000000d5980000, 0x0000000100000000)
  eden space 2048K, 100% used [0x00000000d5580000,0x00000000d5780000,0x00000000d5780000)
  from space 1024K, 62% used [0x00000000d5880000,0x00000000d591f050,0x00000000d5980000)
  to   space 1024K, 0% used [0x00000000d5780000,0x00000000d5780000,0x00000000d5880000)
 ParOldGen       total 197120K, used 196651K [0x0000000080000000, 0x000000008c080000, 0x00000000d5580000)
  object space 197120K, 99% used [0x0000000080000000,0x000000008c00af40,0x000000008c080000)
 Metaspace       used 63561K, committed 64832K, reserved 1114112K
  class space    used 6499K, committed 7040K, reserved 1048576K
}
Event: 72.932 GC heap after
{Heap after GC invocations=240 (full 3):
 PSYoungGen      total 3072K, used 544K [0x00000000d5580000, 0x00000000d5980000, 0x0000000100000000)
  eden space 2048K, 0% used [0x00000000d5580000,0x00000000d5580000,0x00000000d5780000)
  from space 1024K, 53% used [0x00000000d5780000,0x00000000d5808000,0x00000000d5880000)
  to   space 1024K, 0% used [0x00000000d5880000,0x00000000d5880000,0x00000000d5980000)
 ParOldGen       total 197632K, used 197170K [0x0000000080000000, 0x000000008c100000, 0x00000000d5580000)
  object space 197632K, 99% used [0x0000000080000000,0x000000008c08c958,0x000000008c100000)
 Metaspace       used 63561K, committed 64832K, reserved 1114112K
  class space    used 6499K, committed 7040K, reserved 1048576K
}
Event: 72.955 GC heap before
{Heap before GC invocations=241 (full 3):
 PSYoungGen      total 3072K, used 2592K [0x00000000d5580000, 0x00000000d5980000, 0x0000000100000000)
  eden space 2048K, 100% used [0x00000000d5580000,0x00000000d5780000,0x00000000d5780000)
  from space 1024K, 53% used [0x00000000d5780000,0x00000000d5808000,0x00000000d5880000)
  to   space 1024K, 0% used [0x00000000d5880000,0x00000000d5880000,0x00000000d5980000)
 ParOldGen       total 197632K, used 197170K [0x0000000080000000, 0x000000008c100000, 0x00000000d5580000)
  object space 197632K, 99% used [0x0000000080000000,0x000000008c08c958,0x000000008c100000)
 Metaspace       used 63562K, committed 64832K, reserved 1114112K
  class space    used 6499K, committed 7040K, reserved 1048576K
}
Event: 72.958 GC heap after
{Heap after GC invocations=241 (full 3):
 PSYoungGen      total 3072K, used 672K [0x00000000d5580000, 0x00000000d5980000, 0x0000000100000000)
  eden space 2048K, 0% used [0x00000000d5580000,0x00000000d5580000,0x00000000d5780000)
  from space 1024K, 65% used [0x00000000d5880000,0x00000000d5928000,0x00000000d5980000)
  to   space 1024K, 0% used [0x00000000d5780000,0x00000000d5780000,0x00000000d5880000)
 ParOldGen       total 197632K, used 197600K [0x0000000080000000, 0x000000008c100000, 0x00000000d5580000)
  object space 197632K, 99% used [0x0000000080000000,0x000000008c0f81c0,0x000000008c100000)
 Metaspace       used 63562K, committed 64832K, reserved 1114112K
  class space    used 6499K, committed 7040K, reserved 1048576K
}
Event: 72.976 GC heap before
{Heap before GC invocations=242 (full 3):
 PSYoungGen      total 3072K, used 2720K [0x00000000d5580000, 0x00000000d5980000, 0x0000000100000000)
  eden space 2048K, 100% used [0x00000000d5580000,0x00000000d5780000,0x00000000d5780000)
  from space 1024K, 65% used [0x00000000d5880000,0x00000000d5928000,0x00000000d5980000)
  to   space 1024K, 0% used [0x00000000d5780000,0x00000000d5780000,0x00000000d5880000)
 ParOldGen       total 197632K, used 197600K [0x0000000080000000, 0x000000008c100000, 0x00000000d5580000)
  object space 197632K, 99% used [0x0000000080000000,0x000000008c0f81c0,0x000000008c100000)
 Metaspace       used 63585K, committed 64832K, reserved 1114112K
  class space    used 6501K, committed 7040K, reserved 1048576K
}
Event: 72.979 GC heap after
{Heap after GC invocations=242 (full 3):
 PSYoungGen      total 3072K, used 713K [0x00000000d5580000, 0x00000000d5980000, 0x0000000100000000)
  eden space 2048K, 0% used [0x00000000d5580000,0x00000000d5580000,0x00000000d5780000)
  from space 1024K, 69% used [0x00000000d5780000,0x00000000d5832698,0x00000000d5880000)
  to   space 1024K, 0% used [0x00000000d5880000,0x00000000d5880000,0x00000000d5980000)
 ParOldGen       total 198144K, used 198043K [0x0000000080000000, 0x000000008c180000, 0x00000000d5580000)
  object space 198144K, 99% used [0x0000000080000000,0x000000008c166ec0,0x000000008c180000)
 Metaspace       used 63585K, committed 64832K, reserved 1114112K
  class space    used 6501K, committed 7040K, reserved 1048576K
}
Event: 73.017 GC heap before
{Heap before GC invocations=243 (full 3):
 PSYoungGen      total 3072K, used 2761K [0x00000000d5580000, 0x00000000d5980000, 0x0000000100000000)
  eden space 2048K, 99% used [0x00000000d5580000,0x00000000d577ff50,0x00000000d5780000)
  from space 1024K, 69% used [0x00000000d5780000,0x00000000d5832698,0x00000000d5880000)
  to   space 1024K, 0% used [0x00000000d5880000,0x00000000d5880000,0x00000000d5980000)
 ParOldGen       total 198144K, used 198043K [0x0000000080000000, 0x000000008c180000, 0x00000000d5580000)
  object space 198144K, 99% used [0x0000000080000000,0x000000008c166ec0,0x000000008c180000)
 Metaspace       used 63592K, committed 64832K, reserved 1114112K
  class space    used 6501K, committed 7040K, reserved 1048576K
}
Event: 73.020 GC heap after
{Heap after GC invocations=243 (full 3):
 PSYoungGen      total 3072K, used 704K [0x00000000d5580000, 0x00000000d5980000, 0x0000000100000000)
  eden space 2048K, 0% used [0x00000000d5580000,0x00000000d5580000,0x00000000d5780000)
  from space 1024K, 68% used [0x00000000d5880000,0x00000000d5930020,0x00000000d5980000)
  to   space 1024K, 0% used [0x00000000d5780000,0x00000000d5780000,0x00000000d5880000)
 ParOldGen       total 198656K, used 198556K [0x0000000080000000, 0x000000008c200000, 0x00000000d5580000)
  object space 198656K, 99% used [0x0000000080000000,0x000000008c1e7150,0x000000008c200000)
 Metaspace       used 63592K, committed 64832K, reserved 1114112K
  class space    used 6501K, committed 7040K, reserved 1048576K
}
Event: 73.050 GC heap before
{Heap before GC invocations=244 (full 3):
 PSYoungGen      total 3072K, used 2752K [0x00000000d5580000, 0x00000000d5980000, 0x0000000100000000)
  eden space 2048K, 100% used [0x00000000d5580000,0x00000000d5780000,0x00000000d5780000)
  from space 1024K, 68% used [0x00000000d5880000,0x00000000d5930020,0x00000000d5980000)
  to   space 1024K, 0% used [0x00000000d5780000,0x00000000d5780000,0x00000000d5880000)
 ParOldGen       total 198656K, used 198556K [0x0000000080000000, 0x000000008c200000, 0x00000000d5580000)
  object space 198656K, 99% used [0x0000000080000000,0x000000008c1e7150,0x000000008c200000)
 Metaspace       used 63599K, committed 64832K, reserved 1114112K
  class space    used 6501K, committed 7040K, reserved 1048576K
}
Event: 73.054 GC heap after
{Heap after GC invocations=244 (full 3):
 PSYoungGen      total 3072K, used 608K [0x00000000d5580000, 0x00000000d5980000, 0x0000000100000000)
  eden space 2048K, 0% used [0x00000000d5580000,0x00000000d5580000,0x00000000d5780000)
  from space 1024K, 59% used [0x00000000d5780000,0x00000000d5818000,0x00000000d5880000)
  to   space 1024K, 0% used [0x00000000d5880000,0x00000000d5880000,0x00000000d5980000)
 ParOldGen       total 199168K, used 199113K [0x0000000080000000, 0x000000008c280000, 0x00000000d5580000)
  object space 199168K, 99% used [0x0000000080000000,0x000000008c272660,0x000000008c280000)
 Metaspace       used 63599K, committed 64832K, reserved 1114112K
  class space    used 6501K, committed 7040K, reserved 1048576K
}

